c/A d/C a/A a/D d/EOS
c/A d/C a/A a/C d/A b/C d/C a/A b/C c/A a/C d/A d/C a/A a/D c/EOS
c/A d/C c/A c/C d/A d/C c/A b/C c/A d/C d/A d/D b/EOS
d/C a/A c/C c/A b/C c/A d/D d/C c/A d/C c/A d/C a/A b/C d/A b/C d/A b/EOS
b/C c/EOS
b/C a/A c/C c/A c/A b/C b/C c/A d/C c/A b/C b/C a/EOS
b/C d/EOS
c/A b/C a/A c/C d/A d/C c/A d/C a/A c/A d/C c/A b/C b/C c/A d/C a/A d/C d/A d/EOS
d/C c/A c/A b/C a/A d/C c/A a/C c/A b/C b/A b/C c/A c/C c/A b/C a/EOS
c/A c/C a/A a/C c/A d/C d/A a/EOS
a/C a/A a/EOS
a/A a/C c/A b/C a/A a/C c/A a/D b/EOS
b/C b/A b/C a/A b/C b/C a/A a/C d/A c/EOS
d/C b/A d/C a/A b/C a/A d/EOS
c/A c/C c/A a/C d/A d/C c/A a/C c/A b/C c/A b/C c/A a/D b/EOS
d/A b/C d/A b/C d/C c/A b/EOS
a/C c/A d/C c/A a/C d/A b/C d/A d/EOS
c/A b/C b/A a/C c/A b/C a/A a/C c/A b/C b/A b/C d/A d/C a/A a/A b/C d/A d/D b/EOS
b/C a/A b/C c/A d/C d/A c/EOS
a/C c/A a/C a/A d/C a/A d/C c/A d/C b/A b/C b/A d/C c/A d/C d/A a/D c/EOS
